<?xml version="1.0" encoding="UTF-8"?>
<!-- Generated by org.testng.reporters.JUnitXMLReporter -->
<testsuite ignored="30" hostname="gt72wroker" failures="1" tests="4" name="Default test(failed)(failed)(failed)(failed)" time="238.356" errors="0" timestamp="2023-07-10T14:25:02 IST">
  <testcase classname="testScripts.FlightDetailsPageTestCases" name="ValidatetheEnteringCityFlightBookDetailsRoundTripInternational" time="63.018"/>
  <testcase classname="testScripts.FlightDetailsPageTestCases" name="ValidatetheEnteringCityFlightBookDetailsRoundTripInternationalPassport" time="65.734"/>
  <testcase classname="testScripts.FlightDetailsPageTestCases" name="ValidatetheEnteringCityFlightBookDetailsRoundTrip" time="51.624"/>
  <testcase classname="testScripts.FlightDetailsPageTestCases" name="Validatingdefaultflightdetailsbooksearchwithseatmealandluggage" time="22.431">
    <failure type="org.openqa.selenium.NoSuchElementException" message="Unable to find element with locator By.xpath: //button[@name=&amp;apos;Select Meals&amp;apos;]
For documentation on this error, please visit: https://selenium.dev/exceptions/#no_such_element
Build info: version: &amp;apos;4.9.1&amp;apos;, revision: &amp;apos;eb2032df7f&amp;apos;
System info: os.name: &amp;apos;Linux&amp;apos;, os.arch: &amp;apos;amd64&amp;apos;, os.version: &amp;apos;5.15.0-76-generic&amp;apos;, java.version: &amp;apos;20.0.1&amp;apos;
Driver info: driver.version: RemoteWebDriver">
      <![CDATA[org.openqa.selenium.NoSuchElementException: Unable to find element with locator By.xpath: //button[@name='Select Meals']
For documentation on this error, please visit: https://selenium.dev/exceptions/#no_such_element
Build info: version: '4.9.1', revision: 'eb2032df7f'
System info: os.name: 'Linux', os.arch: 'amd64', os.version: '5.15.0-76-generic', java.version: '20.0.1'
Driver info: driver.version: RemoteWebDriver
at org.openqa.selenium.remote.ElementLocation$ElementFinder$2.findElement(ElementLocation.java:165)
at org.openqa.selenium.remote.ElementLocation.findElement(ElementLocation.java:60)
at org.openqa.selenium.remote.RemoteWebDriver.findElement(RemoteWebDriver.java:352)
at org.openqa.selenium.remote.RemoteWebDriver.findElement(RemoteWebDriver.java:344)
at org.openqa.selenium.support.pagefactory.DefaultElementLocator.findElement(DefaultElementLocator.java:70)
at org.openqa.selenium.support.pagefactory.internal.LocatingElementHandler.invoke(LocatingElementHandler.java:39)
at jdk.proxy2/jdk.proxy2.$Proxy11.click(Unknown Source)
at pageObjects.FlightDetailsPageObjects.addmeals(FlightDetailsPageObjects.java:255)
at testScripts.FlightDetailsPageTestCases.Validatingdefaultflightdetailsbooksearchwithseatmealandluggage(FlightDetailsPageTestCases.java:110)
at java.base/java.util.ArrayList.forEach(ArrayList.java:1511)
... Removed 25 stack frames]]>
    </failure>
  </testcase> <!-- Validatingdefaultflightdetailsbooksearchwithseatmealandluggage -->
  <testcase classname="testScripts.FlightDetailsPageTestCases" name="Validatingdefaultflightdetailsbooksearchwithgst" time="0.0">
    <ignored/>
  </testcase> <!-- Validatingdefaultflightdetailsbooksearchwithgst -->
  <testcase classname="testScripts.FlightDetailsPageTestCases" name="ValidatetheDomesticDefaultFlightBookDetailsoneWaywithFareSeniorCitizenclassPremiumEconomy" time="0.0">
    <ignored/>
  </testcase> <!-- ValidatetheDomesticDefaultFlightBookDetailsoneWaywithFareSeniorCitizenclassPremiumEconomy -->
  <testcase classname="testScripts.FlightDetailsPageTestCases" name="ValidatetheDomesticDefaultFlightBookDetailsoneWaywithFareSeniorCitizen" time="0.0">
    <ignored/>
  </testcase> <!-- ValidatetheDomesticDefaultFlightBookDetailsoneWaywithFareSeniorCitizen -->
  <testcase classname="testScripts.FlightDetailsPageTestCases" name="ValidatetheDefaultFlightBookDetailsOneWayTripwithCitySelectDropdown" time="0.0">
    <ignored/>
  </testcase> <!-- ValidatetheDefaultFlightBookDetailsOneWayTripwithCitySelectDropdown -->
  <testcase classname="testScripts.FlightDetailsPageTestCases" name="ValidatetheDomesticDefaultFlightBookDetailsoneWaywithFareStudentclassfirst" time="0.0">
    <ignored/>
  </testcase> <!-- ValidatetheDomesticDefaultFlightBookDetailsoneWaywithFareStudentclassfirst -->
  <testcase classname="testScripts.FlightDetailsPageTestCases" name="Validatingdefaultflightdetailsbooksearch" time="0.0">
    <ignored/>
  </testcase> <!-- Validatingdefaultflightdetailsbooksearch -->
  <testcase classname="testScripts.FlightDetailsPageTestCases" name="ValidatingdefaultflightBookDetailsoneWaywithClassBusiness" time="0.0">
    <ignored/>
  </testcase> <!-- ValidatingdefaultflightBookDetailsoneWaywithClassBusiness -->
  <testcase classname="testScripts.FlightDetailsPageTestCases" name="ValidatetheDomesticDefaultFlightBookDetailsoneWaywithdoctorandnursesclassfirst" time="0.0">
    <ignored/>
  </testcase> <!-- ValidatetheDomesticDefaultFlightBookDetailsoneWaywithdoctorandnursesclassfirst -->
  <testcase classname="testScripts.FlightDetailsPageTestCases" name="ValidatetheDomesticDefaultFlightBookDetailsoneWaywithFareArmedforce" time="0.0">
    <ignored/>
  </testcase> <!-- ValidatetheDomesticDefaultFlightBookDetailsoneWaywithFareArmedforce -->
  <testcase classname="testScripts.FlightDetailsPageTestCases" name="ValidatetheDomesticDefaultFlightBookDetailsoneWaywithFareArmedforceClassBusiness" time="0.0">
    <ignored/>
  </testcase> <!-- ValidatetheDomesticDefaultFlightBookDetailsoneWaywithFareArmedforceClassBusiness -->
  <testcase classname="testScripts.FlightDetailsPageTestCases" name="ValidatetheFlightBookDetailsRoundTripwithCitySelectDropdown" time="0.0">
    <ignored/>
  </testcase> <!-- ValidatetheFlightBookDetailsRoundTripwithCitySelectDropdown -->
  <testcase classname="testScripts.FlightDetailsPageTestCases" name="ValidatetheDomesticDefaultFlightBookDetailsoneWaywithdoctorandnurses" time="0.0">
    <ignored/>
  </testcase> <!-- ValidatetheDomesticDefaultFlightBookDetailsoneWaywithdoctorandnurses -->
  <testcase classname="testScripts.FlightDetailsPageTestCases" name="ValidatetheDomesticDefaultFlightBookDetailsRoundTripwithClassFirst" time="0.0">
    <ignored/>
  </testcase> <!-- ValidatetheDomesticDefaultFlightBookDetailsRoundTripwithClassFirst -->
  <testcase classname="testScripts.FlightDetailsPageTestCases" name="ValidatetheDomesticDefaultFlightBookDetailsRoundTripwithClassPremiumEconomy" time="0.0">
    <ignored/>
  </testcase> <!-- ValidatetheDomesticDefaultFlightBookDetailsRoundTripwithClassPremiumEconomy -->
  <testcase classname="testScripts.FlightDetailsPageTestCases" name="ValidatetheDomesticDefaultFlightBookDetailsRoundTripwithClassBusiness" time="0.0">
    <ignored/>
  </testcase> <!-- ValidatetheDomesticDefaultFlightBookDetailsRoundTripwithClassBusiness -->
  <testcase classname="testScripts.FlightDetailsPageTestCases" name="ValidatetheDomesticDefaultFlightBookDetailsoneWaywithdoctorandnursesclassPremiumEconomy" time="0.0">
    <ignored/>
  </testcase> <!-- ValidatetheDomesticDefaultFlightBookDetailsoneWaywithdoctorandnursesclassPremiumEconomy -->
  <testcase classname="testScripts.FlightDetailsPageTestCases" name="ValidatetheDomesticDefaultFlightBookDetailsRoundTripwithSwap" time="0.0">
    <ignored/>
  </testcase> <!-- ValidatetheDomesticDefaultFlightBookDetailsRoundTripwithSwap -->
  <testcase classname="testScripts.FlightDetailsPageTestCases" name="ValidatetheDomesticDefaultFlightBookDetailsOneWayTripwithSwap" time="0.0">
    <ignored/>
  </testcase> <!-- ValidatetheDomesticDefaultFlightBookDetailsOneWayTripwithSwap -->
  <testcase classname="testScripts.FlightDetailsPageTestCases" name="ValidatetheDomesticDefaultFlightBookDetailsoneWaywithFareArmedforceClassfirst" time="0.0">
    <ignored/>
  </testcase> <!-- ValidatetheDomesticDefaultFlightBookDetailsoneWaywithFareArmedforceClassfirst -->
  <testcase classname="testScripts.FlightDetailsPageTestCases" name="ValidatetheDomesticDefaultFlightBookDetailsoneWaywithFareStudentclassPremiumEconomy" time="0.0">
    <ignored/>
  </testcase> <!-- ValidatetheDomesticDefaultFlightBookDetailsoneWaywithFareStudentclassPremiumEconomy -->
  <testcase classname="testScripts.FlightDetailsPageTestCases" name="ValidatetheDomesticDefaultFlightBookDetailsoneWaywithFareArmedforceClassPremiumEconomy" time="0.0">
    <ignored/>
  </testcase> <!-- ValidatetheDomesticDefaultFlightBookDetailsoneWaywithFareArmedforceClassPremiumEconomy -->
  <testcase classname="testScripts.FlightDetailsPageTestCases" name="ValidatingdefaultflightBookDetailsoneWaywithClassFirst" time="0.0">
    <ignored/>
  </testcase> <!-- ValidatingdefaultflightBookDetailsoneWaywithClassFirst -->
  <testcase classname="testScripts.FlightDetailsPageTestCases" name="ValidatetheDomesticDefaultFlightBookDetailsoneWaywithdoctorandnursesclassBusiness" time="0.0">
    <ignored/>
  </testcase> <!-- ValidatetheDomesticDefaultFlightBookDetailsoneWaywithdoctorandnursesclassBusiness -->
  <testcase classname="testScripts.FlightDetailsPageTestCases" name="ValidatingdefaultflightBookDetailsoneWaywithClassPremiumEconomy" time="0.0">
    <ignored/>
  </testcase> <!-- ValidatingdefaultflightBookDetailsoneWaywithClassPremiumEconomy -->
  <testcase classname="testScripts.FlightDetailsPageTestCases" name="ValidatetheDomesticDefaultFlightBookDetailsoneWaywithAdultsChildInfantandGst" time="0.0">
    <ignored/>
  </testcase> <!-- ValidatetheDomesticDefaultFlightBookDetailsoneWaywithAdultsChildInfantandGst -->
  <testcase classname="testScripts.FlightDetailsPageTestCases" name="ValidatetheDomesticDefaultFlightBookDetailsRoundTrip" time="0.0">
    <ignored/>
  </testcase> <!-- ValidatetheDomesticDefaultFlightBookDetailsRoundTrip -->
  <testcase classname="testScripts.FlightDetailsPageTestCases" name="ValidatetheDomesticDefaultFlightBookDetailsoneWaywithFareStudent" time="0.0">
    <ignored/>
  </testcase> <!-- ValidatetheDomesticDefaultFlightBookDetailsoneWaywithFareStudent -->
  <testcase classname="testScripts.FlightDetailsPageTestCases" name="ValidatetheDomesticDefaultFlightBookDetailsoneWaywithFareStudentclassBusiness" time="0.0">
    <ignored/>
  </testcase> <!-- ValidatetheDomesticDefaultFlightBookDetailsoneWaywithFareStudentclassBusiness -->
  <testcase classname="testScripts.FlightDetailsPageTestCases" name="ValidatetheDomesticDefaultFlightBookDetailsoneWaywithFareSeniorCitizenclassBusiness" time="0.0">
    <ignored/>
  </testcase> <!-- ValidatetheDomesticDefaultFlightBookDetailsoneWaywithFareSeniorCitizenclassBusiness -->
  <testcase classname="testScripts.FlightDetailsPageTestCases" name="ValidatetheDomesticDefaultFlightBookDetailsoneWaywithFareSeniorCitizenclassfirst" time="0.0">
    <ignored/>
  </testcase> <!-- ValidatetheDomesticDefaultFlightBookDetailsoneWaywithFareSeniorCitizenclassfirst -->
</testsuite> <!-- Default test(failed)(failed)(failed)(failed) -->
